condor_exec.exe: line 22: cd: ../Samples/noPU: No such file or directory
17-Apr-2024 01:12:10 CEST  Initiating request to open file file:/eos/cms/store/group/dpg_hgcal/comm_hgcal/mmatthew/PatternRecognitionByKalmanFilter/CMSSW_13_2_0_pre3/samples/0_PU/zpos/n100/Eta_23/singlemuon_flatEGun_hgcalCenter//step2/step2_singlemuon_e100GeV_eta23_zpos_events100_nopu_1.root
17-Apr-2024 01:12:24 CEST  Successfully opened file file:/eos/cms/store/group/dpg_hgcal/comm_hgcal/mmatthew/PatternRecognitionByKalmanFilter/CMSSW_13_2_0_pre3/samples/0_PU/zpos/n100/Eta_23/singlemuon_flatEGun_hgcalCenter//step2/step2_singlemuon_e100GeV_eta23_zpos_events100_nopu_1.root
2024-04-17 01:13:47.592641: I tensorflow/core/platform/cpu_feature_guard.cc:142] This TensorFlow binary is optimized with oneAPI Deep Neural Network Library (oneDNN) to use the following CPU instructions in performance-critical operations:  SSE4.1 SSE4.2 AVX AVX2 FMA
To enable them in other operations, rebuild TensorFlow with the appropriate compiler flags.
2024-04-17 01:13:47.593263: E tensorflow/stream_executor/cuda/cuda_driver.cc:271] failed call to cuInit: UNKNOWN ERROR (34)
2024-04-17 01:13:47.593332: I tensorflow/stream_executor/cuda/cuda_diagnostics.cc:156] kernel driver does not appear to be running on this host (b7s02p0515.cern.ch): /proc/driver/nvidia/version does not exist
Begin processing the 1st record. Run 1, Event 1, LumiSection 1 on stream 0 at 17-Apr-2024 01:18:21.701 CEST
%MSG-w UndefinedPartonMode:  HadronAndPartonSelector:selectedHadronsAndPartons  17-Apr-2024 01:19:19 CEST Run: 1 Event: 1
Could not automatically determine the hadronizer type and set the correct parton selection mode. Parton-based jet flavour will not be defined.
%MSG
%MSG-w UndefinedPartonMode:  HadronAndPartonSelector:patJetPartons  17-Apr-2024 01:19:19 CEST Run: 1 Event: 1
Could not automatically determine the hadronizer type and set the correct parton selection mode. Parton-based jet flavour will not be defined.
%MSG
%MSG-w UndefinedPartonMode:   HadronAndPartonSelector:selectedHadronsAndPartonsForGenJetsFlavourInfos  17-Apr-2024 01:19:22 CEST Run: 1 Event: 1
Could not automatically determine the hadronizer type and set the correct parton selection mode. Parton-based jet flavour will not be defined.
%MSG
Begin processing the 2nd record. Run 1, Event 2, LumiSection 1 on stream 0 at 17-Apr-2024 01:19:26.099 CEST
Begin processing the 3rd record. Run 1, Event 3, LumiSection 1 on stream 0 at 17-Apr-2024 01:19:27.783 CEST
Begin processing the 4th record. Run 1, Event 4, LumiSection 1 on stream 0 at 17-Apr-2024 01:19:29.966 CEST
Begin processing the 5th record. Run 1, Event 5, LumiSection 1 on stream 0 at 17-Apr-2024 01:19:31.770 CEST
Begin processing the 6th record. Run 1, Event 6, LumiSection 1 on stream 0 at 17-Apr-2024 01:19:33.957 CEST
Begin processing the 7th record. Run 1, Event 7, LumiSection 1 on stream 0 at 17-Apr-2024 01:19:35.840 CEST
Begin processing the 8th record. Run 1, Event 8, LumiSection 1 on stream 0 at 17-Apr-2024 01:19:37.600 CEST
Begin processing the 9th record. Run 1, Event 9, LumiSection 1 on stream 0 at 17-Apr-2024 01:19:39.792 CEST
Begin processing the 10th record. Run 1, Event 10, LumiSection 1 on stream 0 at 17-Apr-2024 01:19:41.629 CEST
Begin processing the 11th record. Run 1, Event 11, LumiSection 1 on stream 0 at 17-Apr-2024 01:19:43.626 CEST
Begin processing the 12th record. Run 1, Event 12, LumiSection 1 on stream 0 at 17-Apr-2024 01:19:45.380 CEST
Begin processing the 13th record. Run 1, Event 13, LumiSection 1 on stream 0 at 17-Apr-2024 01:19:47.153 CEST
Begin processing the 14th record. Run 1, Event 14, LumiSection 1 on stream 0 at 17-Apr-2024 01:19:48.985 CEST
Begin processing the 15th record. Run 1, Event 15, LumiSection 1 on stream 0 at 17-Apr-2024 01:19:50.828 CEST
Begin processing the 16th record. Run 1, Event 16, LumiSection 1 on stream 0 at 17-Apr-2024 01:19:52.604 CEST
Begin processing the 17th record. Run 1, Event 17, LumiSection 1 on stream 0 at 17-Apr-2024 01:19:54.921 CEST
Begin processing the 18th record. Run 1, Event 18, LumiSection 1 on stream 0 at 17-Apr-2024 01:19:56.818 CEST
Begin processing the 19th record. Run 1, Event 19, LumiSection 1 on stream 0 at 17-Apr-2024 01:19:58.926 CEST
Begin processing the 20th record. Run 1, Event 20, LumiSection 1 on stream 0 at 17-Apr-2024 01:20:00.691 CEST
Begin processing the 21st record. Run 1, Event 21, LumiSection 1 on stream 0 at 17-Apr-2024 01:20:02.567 CEST
Begin processing the 22nd record. Run 1, Event 22, LumiSection 1 on stream 0 at 17-Apr-2024 01:20:04.714 CEST
Begin processing the 23rd record. Run 1, Event 23, LumiSection 1 on stream 0 at 17-Apr-2024 01:20:07.148 CEST
Begin processing the 24th record. Run 1, Event 24, LumiSection 1 on stream 0 at 17-Apr-2024 01:20:09.250 CEST
Begin processing the 25th record. Run 1, Event 25, LumiSection 1 on stream 0 at 17-Apr-2024 01:20:11.271 CEST
Begin processing the 26th record. Run 1, Event 26, LumiSection 1 on stream 0 at 17-Apr-2024 01:20:13.213 CEST
Begin processing the 27th record. Run 1, Event 27, LumiSection 1 on stream 0 at 17-Apr-2024 01:20:15.269 CEST
Begin processing the 28th record. Run 1, Event 28, LumiSection 1 on stream 0 at 17-Apr-2024 01:20:16.953 CEST
Begin processing the 29th record. Run 1, Event 29, LumiSection 1 on stream 0 at 17-Apr-2024 01:20:18.815 CEST
Begin processing the 30th record. Run 1, Event 30, LumiSection 1 on stream 0 at 17-Apr-2024 01:20:20.741 CEST
Begin processing the 31st record. Run 1, Event 31, LumiSection 1 on stream 0 at 17-Apr-2024 01:20:22.810 CEST
Begin processing the 32nd record. Run 1, Event 32, LumiSection 1 on stream 0 at 17-Apr-2024 01:20:24.557 CEST
Begin processing the 33rd record. Run 1, Event 33, LumiSection 1 on stream 0 at 17-Apr-2024 01:20:26.455 CEST
Begin processing the 34th record. Run 1, Event 34, LumiSection 1 on stream 0 at 17-Apr-2024 01:20:28.415 CEST
Begin processing the 35th record. Run 1, Event 35, LumiSection 1 on stream 0 at 17-Apr-2024 01:20:30.380 CEST
Begin processing the 36th record. Run 1, Event 36, LumiSection 1 on stream 0 at 17-Apr-2024 01:20:32.350 CEST
Begin processing the 37th record. Run 1, Event 37, LumiSection 1 on stream 0 at 17-Apr-2024 01:20:35.966 CEST
Begin processing the 38th record. Run 1, Event 38, LumiSection 1 on stream 0 at 17-Apr-2024 01:20:37.618 CEST
Begin processing the 39th record. Run 1, Event 39, LumiSection 1 on stream 0 at 17-Apr-2024 01:20:39.638 CEST
Begin processing the 40th record. Run 1, Event 40, LumiSection 1 on stream 0 at 17-Apr-2024 01:20:41.600 CEST
Begin processing the 41st record. Run 1, Event 41, LumiSection 1 on stream 0 at 17-Apr-2024 01:20:43.815 CEST
Begin processing the 42nd record. Run 1, Event 42, LumiSection 1 on stream 0 at 17-Apr-2024 01:20:45.645 CEST
Begin processing the 43rd record. Run 1, Event 43, LumiSection 1 on stream 0 at 17-Apr-2024 01:20:47.669 CEST
Begin processing the 44th record. Run 1, Event 44, LumiSection 1 on stream 0 at 17-Apr-2024 01:20:49.660 CEST
Begin processing the 45th record. Run 1, Event 45, LumiSection 1 on stream 0 at 17-Apr-2024 01:20:51.527 CEST
Begin processing the 46th record. Run 1, Event 46, LumiSection 1 on stream 0 at 17-Apr-2024 01:20:53.525 CEST
Begin processing the 47th record. Run 1, Event 47, LumiSection 1 on stream 0 at 17-Apr-2024 01:20:55.614 CEST
Begin processing the 48th record. Run 1, Event 48, LumiSection 1 on stream 0 at 17-Apr-2024 01:20:57.461 CEST
Begin processing the 49th record. Run 1, Event 49, LumiSection 1 on stream 0 at 17-Apr-2024 01:20:59.443 CEST
Begin processing the 50th record. Run 1, Event 50, LumiSection 1 on stream 0 at 17-Apr-2024 01:21:01.316 CEST
Begin processing the 51st record. Run 1, Event 51, LumiSection 1 on stream 0 at 17-Apr-2024 01:21:03.336 CEST
Begin processing the 52nd record. Run 1, Event 52, LumiSection 1 on stream 0 at 17-Apr-2024 01:21:05.153 CEST
Begin processing the 53rd record. Run 1, Event 53, LumiSection 1 on stream 0 at 17-Apr-2024 01:21:07.049 CEST
Begin processing the 54th record. Run 1, Event 54, LumiSection 1 on stream 0 at 17-Apr-2024 01:21:09.049 CEST
Begin processing the 55th record. Run 1, Event 55, LumiSection 1 on stream 0 at 17-Apr-2024 01:21:10.765 CEST
Begin processing the 56th record. Run 1, Event 56, LumiSection 1 on stream 0 at 17-Apr-2024 01:21:12.562 CEST
Begin processing the 57th record. Run 1, Event 57, LumiSection 1 on stream 0 at 17-Apr-2024 01:21:14.320 CEST
Begin processing the 58th record. Run 1, Event 58, LumiSection 1 on stream 0 at 17-Apr-2024 01:21:16.460 CEST
Begin processing the 59th record. Run 1, Event 59, LumiSection 1 on stream 0 at 17-Apr-2024 01:21:18.686 CEST
Begin processing the 60th record. Run 1, Event 60, LumiSection 1 on stream 0 at 17-Apr-2024 01:21:20.634 CEST
Begin processing the 61st record. Run 1, Event 61, LumiSection 1 on stream 0 at 17-Apr-2024 01:21:22.857 CEST
Begin processing the 62nd record. Run 1, Event 62, LumiSection 1 on stream 0 at 17-Apr-2024 01:21:24.768 CEST
Begin processing the 63rd record. Run 1, Event 63, LumiSection 1 on stream 0 at 17-Apr-2024 01:21:26.670 CEST
Begin processing the 64th record. Run 1, Event 64, LumiSection 1 on stream 0 at 17-Apr-2024 01:21:28.635 CEST
Begin processing the 65th record. Run 1, Event 65, LumiSection 1 on stream 0 at 17-Apr-2024 01:21:30.417 CEST
Begin processing the 66th record. Run 1, Event 66, LumiSection 1 on stream 0 at 17-Apr-2024 01:21:32.495 CEST
Begin processing the 67th record. Run 1, Event 67, LumiSection 1 on stream 0 at 17-Apr-2024 01:21:34.567 CEST
Begin processing the 68th record. Run 1, Event 68, LumiSection 1 on stream 0 at 17-Apr-2024 01:21:36.285 CEST
Begin processing the 69th record. Run 1, Event 69, LumiSection 1 on stream 0 at 17-Apr-2024 01:21:38.269 CEST
Begin processing the 70th record. Run 1, Event 70, LumiSection 1 on stream 0 at 17-Apr-2024 01:21:40.019 CEST
Begin processing the 71st record. Run 1, Event 71, LumiSection 1 on stream 0 at 17-Apr-2024 01:21:41.506 CEST
Begin processing the 72nd record. Run 1, Event 72, LumiSection 1 on stream 0 at 17-Apr-2024 01:21:43.231 CEST
Begin processing the 73rd record. Run 1, Event 73, LumiSection 1 on stream 0 at 17-Apr-2024 01:21:45.361 CEST
Begin processing the 74th record. Run 1, Event 74, LumiSection 1 on stream 0 at 17-Apr-2024 01:21:47.842 CEST
Begin processing the 75th record. Run 1, Event 75, LumiSection 1 on stream 0 at 17-Apr-2024 01:21:49.547 CEST
Begin processing the 76th record. Run 1, Event 76, LumiSection 1 on stream 0 at 17-Apr-2024 01:21:51.417 CEST
Begin processing the 77th record. Run 1, Event 77, LumiSection 1 on stream 0 at 17-Apr-2024 01:21:53.051 CEST
Begin processing the 78th record. Run 1, Event 78, LumiSection 1 on stream 0 at 17-Apr-2024 01:21:55.354 CEST
Begin processing the 79th record. Run 1, Event 79, LumiSection 1 on stream 0 at 17-Apr-2024 01:21:57.534 CEST
Begin processing the 80th record. Run 1, Event 80, LumiSection 1 on stream 0 at 17-Apr-2024 01:21:59.267 CEST
Begin processing the 81st record. Run 1, Event 81, LumiSection 1 on stream 0 at 17-Apr-2024 01:22:00.940 CEST
Begin processing the 82nd record. Run 1, Event 82, LumiSection 1 on stream 0 at 17-Apr-2024 01:22:02.572 CEST
Begin processing the 83rd record. Run 1, Event 83, LumiSection 1 on stream 0 at 17-Apr-2024 01:22:04.307 CEST
Begin processing the 84th record. Run 1, Event 84, LumiSection 1 on stream 0 at 17-Apr-2024 01:22:06.322 CEST
Begin processing the 85th record. Run 1, Event 85, LumiSection 1 on stream 0 at 17-Apr-2024 01:22:08.182 CEST
Begin processing the 86th record. Run 1, Event 86, LumiSection 1 on stream 0 at 17-Apr-2024 01:22:10.046 CEST
Begin processing the 87th record. Run 1, Event 87, LumiSection 1 on stream 0 at 17-Apr-2024 01:22:11.895 CEST
Begin processing the 88th record. Run 1, Event 88, LumiSection 1 on stream 0 at 17-Apr-2024 01:22:13.879 CEST
Begin processing the 89th record. Run 1, Event 89, LumiSection 1 on stream 0 at 17-Apr-2024 01:22:18.901 CEST
Begin processing the 90th record. Run 1, Event 90, LumiSection 1 on stream 0 at 17-Apr-2024 01:22:20.793 CEST
Begin processing the 91st record. Run 1, Event 91, LumiSection 1 on stream 0 at 17-Apr-2024 01:22:22.548 CEST
Begin processing the 92nd record. Run 1, Event 92, LumiSection 1 on stream 0 at 17-Apr-2024 01:22:24.824 CEST
Begin processing the 93rd record. Run 1, Event 93, LumiSection 1 on stream 0 at 17-Apr-2024 01:22:26.623 CEST
Begin processing the 94th record. Run 1, Event 94, LumiSection 1 on stream 0 at 17-Apr-2024 01:22:28.664 CEST
Begin processing the 95th record. Run 1, Event 95, LumiSection 1 on stream 0 at 17-Apr-2024 01:22:30.555 CEST
Begin processing the 96th record. Run 1, Event 96, LumiSection 1 on stream 0 at 17-Apr-2024 01:22:32.255 CEST
Begin processing the 97th record. Run 1, Event 97, LumiSection 1 on stream 0 at 17-Apr-2024 01:22:34.019 CEST
Begin processing the 98th record. Run 1, Event 98, LumiSection 1 on stream 0 at 17-Apr-2024 01:22:35.620 CEST
Begin processing the 99th record. Run 1, Event 99, LumiSection 1 on stream 0 at 17-Apr-2024 01:22:37.323 CEST
Begin processing the 100th record. Run 1, Event 100, LumiSection 1 on stream 0 at 17-Apr-2024 01:22:39.383 CEST
17-Apr-2024 01:22:43 CEST  Closed file file:/eos/cms/store/group/dpg_hgcal/comm_hgcal/mmatthew/PatternRecognitionByKalmanFilter/CMSSW_13_2_0_pre3/samples/0_PU/zpos/n100/Eta_23/singlemuon_flatEGun_hgcalCenter//step2/step2_singlemuon_e100GeV_eta23_zpos_events100_nopu_1.root
condor_exec.exe: line 31: cd: ../../scripts: No such file or directory
