condor_exec.exe: line 22: cd: ../Samples/noPU: No such file or directory
17-Apr-2024 01:07:57 CEST  Initiating request to open file file:/eos/cms/store/group/dpg_hgcal/comm_hgcal/mmatthew/PatternRecognitionByKalmanFilter/CMSSW_13_2_0_pre3/samples/0_PU/zpos/n100/Eta_17/singlemuon_flatEGun_hgcalCenter//step2/step2_singlemuon_e10GeV_eta17_zpos_events100_nopu_2.root
17-Apr-2024 01:08:13 CEST  Successfully opened file file:/eos/cms/store/group/dpg_hgcal/comm_hgcal/mmatthew/PatternRecognitionByKalmanFilter/CMSSW_13_2_0_pre3/samples/0_PU/zpos/n100/Eta_17/singlemuon_flatEGun_hgcalCenter//step2/step2_singlemuon_e10GeV_eta17_zpos_events100_nopu_2.root
2024-04-17 01:08:52.539813: I tensorflow/core/platform/cpu_feature_guard.cc:142] This TensorFlow binary is optimized with oneAPI Deep Neural Network Library (oneDNN) to use the following CPU instructions in performance-critical operations:  SSE4.1 SSE4.2 AVX AVX2 FMA
To enable them in other operations, rebuild TensorFlow with the appropriate compiler flags.
2024-04-17 01:08:52.542047: E tensorflow/stream_executor/cuda/cuda_driver.cc:271] failed call to cuInit: UNKNOWN ERROR (34)
2024-04-17 01:08:52.542087: I tensorflow/stream_executor/cuda/cuda_diagnostics.cc:156] kernel driver does not appear to be running on this host (b7s03p1923.cern.ch): /proc/driver/nvidia/version does not exist
Begin processing the 1st record. Run 1, Event 1, LumiSection 1 on stream 0 at 17-Apr-2024 01:12:20.885 CEST
%MSG-w UndefinedPartonMode:  HadronAndPartonSelector:selectedHadronsAndPartons  17-Apr-2024 01:13:18 CEST Run: 1 Event: 1
Could not automatically determine the hadronizer type and set the correct parton selection mode. Parton-based jet flavour will not be defined.
%MSG
%MSG-w UndefinedPartonMode:  HadronAndPartonSelector:patJetPartons  17-Apr-2024 01:13:18 CEST Run: 1 Event: 1
Could not automatically determine the hadronizer type and set the correct parton selection mode. Parton-based jet flavour will not be defined.
%MSG
%MSG-w UndefinedPartonMode:   HadronAndPartonSelector:selectedHadronsAndPartonsForGenJetsFlavourInfos  17-Apr-2024 01:13:21 CEST Run: 1 Event: 1
Could not automatically determine the hadronizer type and set the correct parton selection mode. Parton-based jet flavour will not be defined.
%MSG
Begin processing the 2nd record. Run 1, Event 2, LumiSection 1 on stream 0 at 17-Apr-2024 01:13:24.701 CEST
Begin processing the 3rd record. Run 1, Event 3, LumiSection 1 on stream 0 at 17-Apr-2024 01:13:27.071 CEST
Begin processing the 4th record. Run 1, Event 4, LumiSection 1 on stream 0 at 17-Apr-2024 01:13:29.260 CEST
Begin processing the 5th record. Run 1, Event 5, LumiSection 1 on stream 0 at 17-Apr-2024 01:13:31.564 CEST
Begin processing the 6th record. Run 1, Event 6, LumiSection 1 on stream 0 at 17-Apr-2024 01:13:33.770 CEST
Begin processing the 7th record. Run 1, Event 7, LumiSection 1 on stream 0 at 17-Apr-2024 01:13:36.582 CEST
Begin processing the 8th record. Run 1, Event 8, LumiSection 1 on stream 0 at 17-Apr-2024 01:13:38.635 CEST
Begin processing the 9th record. Run 1, Event 9, LumiSection 1 on stream 0 at 17-Apr-2024 01:13:40.603 CEST
Begin processing the 10th record. Run 1, Event 10, LumiSection 1 on stream 0 at 17-Apr-2024 01:13:42.543 CEST
Begin processing the 11th record. Run 1, Event 11, LumiSection 1 on stream 0 at 17-Apr-2024 01:13:45.026 CEST
Begin processing the 12th record. Run 1, Event 12, LumiSection 1 on stream 0 at 17-Apr-2024 01:13:47.639 CEST
Begin processing the 13th record. Run 1, Event 13, LumiSection 1 on stream 0 at 17-Apr-2024 01:13:50.274 CEST
Begin processing the 14th record. Run 1, Event 14, LumiSection 1 on stream 0 at 17-Apr-2024 01:13:52.665 CEST
Begin processing the 15th record. Run 1, Event 15, LumiSection 1 on stream 0 at 17-Apr-2024 01:13:54.460 CEST
Begin processing the 16th record. Run 1, Event 16, LumiSection 1 on stream 0 at 17-Apr-2024 01:13:56.596 CEST
Begin processing the 17th record. Run 1, Event 17, LumiSection 1 on stream 0 at 17-Apr-2024 01:13:59.006 CEST
Begin processing the 18th record. Run 1, Event 18, LumiSection 1 on stream 0 at 17-Apr-2024 01:14:00.982 CEST
Begin processing the 19th record. Run 1, Event 19, LumiSection 1 on stream 0 at 17-Apr-2024 01:14:03.166 CEST
Begin processing the 20th record. Run 1, Event 20, LumiSection 1 on stream 0 at 17-Apr-2024 01:14:05.543 CEST
Begin processing the 21st record. Run 1, Event 21, LumiSection 1 on stream 0 at 17-Apr-2024 01:14:07.486 CEST
Begin processing the 22nd record. Run 1, Event 22, LumiSection 1 on stream 0 at 17-Apr-2024 01:14:09.251 CEST
Begin processing the 23rd record. Run 1, Event 23, LumiSection 1 on stream 0 at 17-Apr-2024 01:14:11.360 CEST
Begin processing the 24th record. Run 1, Event 24, LumiSection 1 on stream 0 at 17-Apr-2024 01:14:13.628 CEST
Begin processing the 25th record. Run 1, Event 25, LumiSection 1 on stream 0 at 17-Apr-2024 01:14:16.133 CEST
Begin processing the 26th record. Run 1, Event 26, LumiSection 1 on stream 0 at 17-Apr-2024 01:14:18.367 CEST
Begin processing the 27th record. Run 1, Event 27, LumiSection 1 on stream 0 at 17-Apr-2024 01:14:20.806 CEST
Begin processing the 28th record. Run 1, Event 28, LumiSection 1 on stream 0 at 17-Apr-2024 01:14:22.909 CEST
Begin processing the 29th record. Run 1, Event 29, LumiSection 1 on stream 0 at 17-Apr-2024 01:14:25.170 CEST
Begin processing the 30th record. Run 1, Event 30, LumiSection 1 on stream 0 at 17-Apr-2024 01:14:27.320 CEST
Begin processing the 31st record. Run 1, Event 31, LumiSection 1 on stream 0 at 17-Apr-2024 01:14:29.668 CEST
Begin processing the 32nd record. Run 1, Event 32, LumiSection 1 on stream 0 at 17-Apr-2024 01:14:31.902 CEST
Begin processing the 33rd record. Run 1, Event 33, LumiSection 1 on stream 0 at 17-Apr-2024 01:14:34.033 CEST
Begin processing the 34th record. Run 1, Event 34, LumiSection 1 on stream 0 at 17-Apr-2024 01:14:36.164 CEST
Begin processing the 35th record. Run 1, Event 35, LumiSection 1 on stream 0 at 17-Apr-2024 01:14:38.466 CEST
Begin processing the 36th record. Run 1, Event 36, LumiSection 1 on stream 0 at 17-Apr-2024 01:14:40.819 CEST
Begin processing the 37th record. Run 1, Event 37, LumiSection 1 on stream 0 at 17-Apr-2024 01:14:43.323 CEST
Begin processing the 38th record. Run 1, Event 38, LumiSection 1 on stream 0 at 17-Apr-2024 01:14:45.787 CEST
Begin processing the 39th record. Run 1, Event 39, LumiSection 1 on stream 0 at 17-Apr-2024 01:14:47.813 CEST
Begin processing the 40th record. Run 1, Event 40, LumiSection 1 on stream 0 at 17-Apr-2024 01:14:50.378 CEST
Begin processing the 41st record. Run 1, Event 41, LumiSection 1 on stream 0 at 17-Apr-2024 01:14:53.132 CEST
Begin processing the 42nd record. Run 1, Event 42, LumiSection 1 on stream 0 at 17-Apr-2024 01:14:55.793 CEST
Begin processing the 43rd record. Run 1, Event 43, LumiSection 1 on stream 0 at 17-Apr-2024 01:14:58.572 CEST
Begin processing the 44th record. Run 1, Event 44, LumiSection 1 on stream 0 at 17-Apr-2024 01:15:01.279 CEST
Begin processing the 45th record. Run 1, Event 45, LumiSection 1 on stream 0 at 17-Apr-2024 01:15:04.031 CEST
Begin processing the 46th record. Run 1, Event 46, LumiSection 1 on stream 0 at 17-Apr-2024 01:15:06.611 CEST
Begin processing the 47th record. Run 1, Event 47, LumiSection 1 on stream 0 at 17-Apr-2024 01:15:08.992 CEST
Begin processing the 48th record. Run 1, Event 48, LumiSection 1 on stream 0 at 17-Apr-2024 01:15:11.728 CEST
Begin processing the 49th record. Run 1, Event 49, LumiSection 1 on stream 0 at 17-Apr-2024 01:15:14.334 CEST
Begin processing the 50th record. Run 1, Event 50, LumiSection 1 on stream 0 at 17-Apr-2024 01:15:17.008 CEST
Begin processing the 51st record. Run 1, Event 51, LumiSection 1 on stream 0 at 17-Apr-2024 01:15:19.522 CEST
Begin processing the 52nd record. Run 1, Event 52, LumiSection 1 on stream 0 at 17-Apr-2024 01:15:22.153 CEST
Begin processing the 53rd record. Run 1, Event 53, LumiSection 1 on stream 0 at 17-Apr-2024 01:15:24.636 CEST
Begin processing the 54th record. Run 1, Event 54, LumiSection 1 on stream 0 at 17-Apr-2024 01:15:27.308 CEST
Begin processing the 55th record. Run 1, Event 55, LumiSection 1 on stream 0 at 17-Apr-2024 01:15:29.795 CEST
Begin processing the 56th record. Run 1, Event 56, LumiSection 1 on stream 0 at 17-Apr-2024 01:15:32.243 CEST
Begin processing the 57th record. Run 1, Event 57, LumiSection 1 on stream 0 at 17-Apr-2024 01:15:34.380 CEST
Begin processing the 58th record. Run 1, Event 58, LumiSection 1 on stream 0 at 17-Apr-2024 01:15:36.589 CEST
Begin processing the 59th record. Run 1, Event 59, LumiSection 1 on stream 0 at 17-Apr-2024 01:15:38.931 CEST
Begin processing the 60th record. Run 1, Event 60, LumiSection 1 on stream 0 at 17-Apr-2024 01:15:41.355 CEST
Begin processing the 61st record. Run 1, Event 61, LumiSection 1 on stream 0 at 17-Apr-2024 01:15:43.743 CEST
Begin processing the 62nd record. Run 1, Event 62, LumiSection 1 on stream 0 at 17-Apr-2024 01:15:46.234 CEST
Begin processing the 63rd record. Run 1, Event 63, LumiSection 1 on stream 0 at 17-Apr-2024 01:15:48.797 CEST
Begin processing the 64th record. Run 1, Event 64, LumiSection 1 on stream 0 at 17-Apr-2024 01:15:50.942 CEST
Begin processing the 65th record. Run 1, Event 65, LumiSection 1 on stream 0 at 17-Apr-2024 01:15:53.314 CEST
Begin processing the 66th record. Run 1, Event 66, LumiSection 1 on stream 0 at 17-Apr-2024 01:15:55.711 CEST
Begin processing the 67th record. Run 1, Event 67, LumiSection 1 on stream 0 at 17-Apr-2024 01:15:58.239 CEST
Begin processing the 68th record. Run 1, Event 68, LumiSection 1 on stream 0 at 17-Apr-2024 01:16:00.467 CEST
Begin processing the 69th record. Run 1, Event 69, LumiSection 1 on stream 0 at 17-Apr-2024 01:16:02.598 CEST
Begin processing the 70th record. Run 1, Event 70, LumiSection 1 on stream 0 at 17-Apr-2024 01:16:05.163 CEST
Begin processing the 71st record. Run 1, Event 71, LumiSection 1 on stream 0 at 17-Apr-2024 01:16:07.528 CEST
Begin processing the 72nd record. Run 1, Event 72, LumiSection 1 on stream 0 at 17-Apr-2024 01:16:10.028 CEST
Begin processing the 73rd record. Run 1, Event 73, LumiSection 1 on stream 0 at 17-Apr-2024 01:16:12.507 CEST
Begin processing the 74th record. Run 1, Event 74, LumiSection 1 on stream 0 at 17-Apr-2024 01:16:14.602 CEST
Begin processing the 75th record. Run 1, Event 75, LumiSection 1 on stream 0 at 17-Apr-2024 01:16:16.911 CEST
Begin processing the 76th record. Run 1, Event 76, LumiSection 1 on stream 0 at 17-Apr-2024 01:16:19.294 CEST
Begin processing the 77th record. Run 1, Event 77, LumiSection 1 on stream 0 at 17-Apr-2024 01:16:21.716 CEST
Begin processing the 78th record. Run 1, Event 78, LumiSection 1 on stream 0 at 17-Apr-2024 01:16:24.145 CEST
Begin processing the 79th record. Run 1, Event 79, LumiSection 1 on stream 0 at 17-Apr-2024 01:16:26.941 CEST
Begin processing the 80th record. Run 1, Event 80, LumiSection 1 on stream 0 at 17-Apr-2024 01:16:29.452 CEST
Begin processing the 81st record. Run 1, Event 81, LumiSection 1 on stream 0 at 17-Apr-2024 01:16:32.041 CEST
Begin processing the 82nd record. Run 1, Event 82, LumiSection 1 on stream 0 at 17-Apr-2024 01:16:34.630 CEST
Begin processing the 83rd record. Run 1, Event 83, LumiSection 1 on stream 0 at 17-Apr-2024 01:16:36.862 CEST
Begin processing the 84th record. Run 1, Event 84, LumiSection 1 on stream 0 at 17-Apr-2024 01:16:39.041 CEST
Begin processing the 85th record. Run 1, Event 85, LumiSection 1 on stream 0 at 17-Apr-2024 01:16:41.507 CEST
Begin processing the 86th record. Run 1, Event 86, LumiSection 1 on stream 0 at 17-Apr-2024 01:16:43.729 CEST
Begin processing the 87th record. Run 1, Event 87, LumiSection 1 on stream 0 at 17-Apr-2024 01:16:45.972 CEST
Begin processing the 88th record. Run 1, Event 88, LumiSection 1 on stream 0 at 17-Apr-2024 01:16:48.412 CEST
Begin processing the 89th record. Run 1, Event 89, LumiSection 1 on stream 0 at 17-Apr-2024 01:16:50.660 CEST
Begin processing the 90th record. Run 1, Event 90, LumiSection 1 on stream 0 at 17-Apr-2024 01:16:53.011 CEST
Begin processing the 91st record. Run 1, Event 91, LumiSection 1 on stream 0 at 17-Apr-2024 01:16:55.267 CEST
Begin processing the 92nd record. Run 1, Event 92, LumiSection 1 on stream 0 at 17-Apr-2024 01:16:57.780 CEST
Begin processing the 93rd record. Run 1, Event 93, LumiSection 1 on stream 0 at 17-Apr-2024 01:16:59.973 CEST
Begin processing the 94th record. Run 1, Event 94, LumiSection 1 on stream 0 at 17-Apr-2024 01:17:02.163 CEST
Begin processing the 95th record. Run 1, Event 95, LumiSection 1 on stream 0 at 17-Apr-2024 01:17:04.477 CEST
Begin processing the 96th record. Run 1, Event 96, LumiSection 1 on stream 0 at 17-Apr-2024 01:17:06.925 CEST
Begin processing the 97th record. Run 1, Event 97, LumiSection 1 on stream 0 at 17-Apr-2024 01:17:09.366 CEST
Begin processing the 98th record. Run 1, Event 98, LumiSection 1 on stream 0 at 17-Apr-2024 01:17:11.809 CEST
Begin processing the 99th record. Run 1, Event 99, LumiSection 1 on stream 0 at 17-Apr-2024 01:17:14.232 CEST
Begin processing the 100th record. Run 1, Event 100, LumiSection 1 on stream 0 at 17-Apr-2024 01:17:16.772 CEST
17-Apr-2024 01:17:22 CEST  Closed file file:/eos/cms/store/group/dpg_hgcal/comm_hgcal/mmatthew/PatternRecognitionByKalmanFilter/CMSSW_13_2_0_pre3/samples/0_PU/zpos/n100/Eta_17/singlemuon_flatEGun_hgcalCenter//step2/step2_singlemuon_e10GeV_eta17_zpos_events100_nopu_2.root
condor_exec.exe: line 31: cd: ../../scripts: No such file or directory
