condor_exec.exe: line 22: cd: ../Samples/noPU: No such file or directory
17-Apr-2024 01:08:35 CEST  Initiating request to open file file:/eos/cms/store/group/dpg_hgcal/comm_hgcal/mmatthew/PatternRecognitionByKalmanFilter/CMSSW_13_2_0_pre3/samples/0_PU/zpos/n100/Eta_21/singlemuon_flatEGun_hgcalCenter//step2/step2_singlemuon_e50GeV_eta21_zpos_events100_nopu_1.root
17-Apr-2024 01:08:45 CEST  Successfully opened file file:/eos/cms/store/group/dpg_hgcal/comm_hgcal/mmatthew/PatternRecognitionByKalmanFilter/CMSSW_13_2_0_pre3/samples/0_PU/zpos/n100/Eta_21/singlemuon_flatEGun_hgcalCenter//step2/step2_singlemuon_e50GeV_eta21_zpos_events100_nopu_1.root
2024-04-17 01:08:59.203278: I tensorflow/core/platform/cpu_feature_guard.cc:142] This TensorFlow binary is optimized with oneAPI Deep Neural Network Library (oneDNN) to use the following CPU instructions in performance-critical operations:  SSE4.1 SSE4.2 AVX AVX2 FMA
To enable them in other operations, rebuild TensorFlow with the appropriate compiler flags.
2024-04-17 01:08:59.203622: E tensorflow/stream_executor/cuda/cuda_driver.cc:271] failed call to cuInit: UNKNOWN ERROR (34)
2024-04-17 01:08:59.203690: I tensorflow/stream_executor/cuda/cuda_diagnostics.cc:156] kernel driver does not appear to be running on this host (b7s03p1923.cern.ch): /proc/driver/nvidia/version does not exist
Begin processing the 1st record. Run 1, Event 1, LumiSection 1 on stream 0 at 17-Apr-2024 01:13:23.095 CEST
%MSG-w UndefinedPartonMode:  HadronAndPartonSelector:selectedHadronsAndPartons  17-Apr-2024 01:14:47 CEST Run: 1 Event: 1
Could not automatically determine the hadronizer type and set the correct parton selection mode. Parton-based jet flavour will not be defined.
%MSG
%MSG-w UndefinedPartonMode:  HadronAndPartonSelector:patJetPartons  17-Apr-2024 01:14:47 CEST Run: 1 Event: 1
Could not automatically determine the hadronizer type and set the correct parton selection mode. Parton-based jet flavour will not be defined.
%MSG
%MSG-w UndefinedPartonMode:   HadronAndPartonSelector:selectedHadronsAndPartonsForGenJetsFlavourInfos  17-Apr-2024 01:14:49 CEST Run: 1 Event: 1
Could not automatically determine the hadronizer type and set the correct parton selection mode. Parton-based jet flavour will not be defined.
%MSG
Begin processing the 2nd record. Run 1, Event 2, LumiSection 1 on stream 0 at 17-Apr-2024 01:14:53.568 CEST
Begin processing the 3rd record. Run 1, Event 3, LumiSection 1 on stream 0 at 17-Apr-2024 01:14:55.298 CEST
Begin processing the 4th record. Run 1, Event 4, LumiSection 1 on stream 0 at 17-Apr-2024 01:14:57.155 CEST
Begin processing the 5th record. Run 1, Event 5, LumiSection 1 on stream 0 at 17-Apr-2024 01:14:59.221 CEST
Begin processing the 6th record. Run 1, Event 6, LumiSection 1 on stream 0 at 17-Apr-2024 01:15:01.322 CEST
Begin processing the 7th record. Run 1, Event 7, LumiSection 1 on stream 0 at 17-Apr-2024 01:15:03.231 CEST
Begin processing the 8th record. Run 1, Event 8, LumiSection 1 on stream 0 at 17-Apr-2024 01:15:05.215 CEST
Begin processing the 9th record. Run 1, Event 9, LumiSection 1 on stream 0 at 17-Apr-2024 01:15:07.188 CEST
Begin processing the 10th record. Run 1, Event 10, LumiSection 1 on stream 0 at 17-Apr-2024 01:15:08.860 CEST
Begin processing the 11th record. Run 1, Event 11, LumiSection 1 on stream 0 at 17-Apr-2024 01:15:10.758 CEST
Begin processing the 12th record. Run 1, Event 12, LumiSection 1 on stream 0 at 17-Apr-2024 01:15:12.542 CEST
Begin processing the 13th record. Run 1, Event 13, LumiSection 1 on stream 0 at 17-Apr-2024 01:15:14.277 CEST
Begin processing the 14th record. Run 1, Event 14, LumiSection 1 on stream 0 at 17-Apr-2024 01:15:16.458 CEST
Begin processing the 15th record. Run 1, Event 15, LumiSection 1 on stream 0 at 17-Apr-2024 01:15:18.500 CEST
Begin processing the 16th record. Run 1, Event 16, LumiSection 1 on stream 0 at 17-Apr-2024 01:15:20.434 CEST
Begin processing the 17th record. Run 1, Event 17, LumiSection 1 on stream 0 at 17-Apr-2024 01:15:22.390 CEST
Begin processing the 18th record. Run 1, Event 18, LumiSection 1 on stream 0 at 17-Apr-2024 01:15:24.195 CEST
Begin processing the 19th record. Run 1, Event 19, LumiSection 1 on stream 0 at 17-Apr-2024 01:15:25.968 CEST
Begin processing the 20th record. Run 1, Event 20, LumiSection 1 on stream 0 at 17-Apr-2024 01:15:27.623 CEST
Begin processing the 21st record. Run 1, Event 21, LumiSection 1 on stream 0 at 17-Apr-2024 01:15:29.755 CEST
Begin processing the 22nd record. Run 1, Event 22, LumiSection 1 on stream 0 at 17-Apr-2024 01:15:32.051 CEST
Begin processing the 23rd record. Run 1, Event 23, LumiSection 1 on stream 0 at 17-Apr-2024 01:15:33.904 CEST
Begin processing the 24th record. Run 1, Event 24, LumiSection 1 on stream 0 at 17-Apr-2024 01:15:36.255 CEST
Begin processing the 25th record. Run 1, Event 25, LumiSection 1 on stream 0 at 17-Apr-2024 01:15:38.328 CEST
Begin processing the 26th record. Run 1, Event 26, LumiSection 1 on stream 0 at 17-Apr-2024 01:15:40.167 CEST
Begin processing the 27th record. Run 1, Event 27, LumiSection 1 on stream 0 at 17-Apr-2024 01:15:42.439 CEST
Begin processing the 28th record. Run 1, Event 28, LumiSection 1 on stream 0 at 17-Apr-2024 01:15:44.382 CEST
Begin processing the 29th record. Run 1, Event 29, LumiSection 1 on stream 0 at 17-Apr-2024 01:15:46.502 CEST
Begin processing the 30th record. Run 1, Event 30, LumiSection 1 on stream 0 at 17-Apr-2024 01:15:48.713 CEST
Begin processing the 31st record. Run 1, Event 31, LumiSection 1 on stream 0 at 17-Apr-2024 01:15:50.652 CEST
Begin processing the 32nd record. Run 1, Event 32, LumiSection 1 on stream 0 at 17-Apr-2024 01:15:52.596 CEST
Begin processing the 33rd record. Run 1, Event 33, LumiSection 1 on stream 0 at 17-Apr-2024 01:15:54.653 CEST
Begin processing the 34th record. Run 1, Event 34, LumiSection 1 on stream 0 at 17-Apr-2024 01:15:56.341 CEST
Begin processing the 35th record. Run 1, Event 35, LumiSection 1 on stream 0 at 17-Apr-2024 01:15:58.129 CEST
Begin processing the 36th record. Run 1, Event 36, LumiSection 1 on stream 0 at 17-Apr-2024 01:15:59.973 CEST
Begin processing the 37th record. Run 1, Event 37, LumiSection 1 on stream 0 at 17-Apr-2024 01:16:01.532 CEST
Begin processing the 38th record. Run 1, Event 38, LumiSection 1 on stream 0 at 17-Apr-2024 01:16:03.258 CEST
Begin processing the 39th record. Run 1, Event 39, LumiSection 1 on stream 0 at 17-Apr-2024 01:16:05.401 CEST
Begin processing the 40th record. Run 1, Event 40, LumiSection 1 on stream 0 at 17-Apr-2024 01:16:07.328 CEST
Begin processing the 41st record. Run 1, Event 41, LumiSection 1 on stream 0 at 17-Apr-2024 01:16:09.293 CEST
Begin processing the 42nd record. Run 1, Event 42, LumiSection 1 on stream 0 at 17-Apr-2024 01:16:11.299 CEST
Begin processing the 43rd record. Run 1, Event 43, LumiSection 1 on stream 0 at 17-Apr-2024 01:16:13.156 CEST
Begin processing the 44th record. Run 1, Event 44, LumiSection 1 on stream 0 at 17-Apr-2024 01:16:15.220 CEST
Begin processing the 45th record. Run 1, Event 45, LumiSection 1 on stream 0 at 17-Apr-2024 01:16:17.152 CEST
Begin processing the 46th record. Run 1, Event 46, LumiSection 1 on stream 0 at 17-Apr-2024 01:16:18.883 CEST
Begin processing the 47th record. Run 1, Event 47, LumiSection 1 on stream 0 at 17-Apr-2024 01:16:20.976 CEST
Begin processing the 48th record. Run 1, Event 48, LumiSection 1 on stream 0 at 17-Apr-2024 01:16:22.992 CEST
Begin processing the 49th record. Run 1, Event 49, LumiSection 1 on stream 0 at 17-Apr-2024 01:16:24.930 CEST
Begin processing the 50th record. Run 1, Event 50, LumiSection 1 on stream 0 at 17-Apr-2024 01:16:27.017 CEST
Begin processing the 51st record. Run 1, Event 51, LumiSection 1 on stream 0 at 17-Apr-2024 01:16:28.854 CEST
Begin processing the 52nd record. Run 1, Event 52, LumiSection 1 on stream 0 at 17-Apr-2024 01:16:31.460 CEST
Begin processing the 53rd record. Run 1, Event 53, LumiSection 1 on stream 0 at 17-Apr-2024 01:16:33.656 CEST
Begin processing the 54th record. Run 1, Event 54, LumiSection 1 on stream 0 at 17-Apr-2024 01:16:35.398 CEST
Begin processing the 55th record. Run 1, Event 55, LumiSection 1 on stream 0 at 17-Apr-2024 01:16:37.299 CEST
Begin processing the 56th record. Run 1, Event 56, LumiSection 1 on stream 0 at 17-Apr-2024 01:16:39.327 CEST
Begin processing the 57th record. Run 1, Event 57, LumiSection 1 on stream 0 at 17-Apr-2024 01:16:41.447 CEST
Begin processing the 58th record. Run 1, Event 58, LumiSection 1 on stream 0 at 17-Apr-2024 01:16:43.159 CEST
Begin processing the 59th record. Run 1, Event 59, LumiSection 1 on stream 0 at 17-Apr-2024 01:16:45.090 CEST
Begin processing the 60th record. Run 1, Event 60, LumiSection 1 on stream 0 at 17-Apr-2024 01:16:46.759 CEST
Begin processing the 61st record. Run 1, Event 61, LumiSection 1 on stream 0 at 17-Apr-2024 01:16:48.819 CEST
Begin processing the 62nd record. Run 1, Event 62, LumiSection 1 on stream 0 at 17-Apr-2024 01:16:50.830 CEST
Begin processing the 63rd record. Run 1, Event 63, LumiSection 1 on stream 0 at 17-Apr-2024 01:16:52.738 CEST
Begin processing the 64th record. Run 1, Event 64, LumiSection 1 on stream 0 at 17-Apr-2024 01:16:54.673 CEST
Begin processing the 65th record. Run 1, Event 65, LumiSection 1 on stream 0 at 17-Apr-2024 01:16:56.438 CEST
Begin processing the 66th record. Run 1, Event 66, LumiSection 1 on stream 0 at 17-Apr-2024 01:16:58.339 CEST
Begin processing the 67th record. Run 1, Event 67, LumiSection 1 on stream 0 at 17-Apr-2024 01:17:00.376 CEST
Begin processing the 68th record. Run 1, Event 68, LumiSection 1 on stream 0 at 17-Apr-2024 01:17:02.412 CEST
Begin processing the 69th record. Run 1, Event 69, LumiSection 1 on stream 0 at 17-Apr-2024 01:17:04.535 CEST
Begin processing the 70th record. Run 1, Event 70, LumiSection 1 on stream 0 at 17-Apr-2024 01:17:06.506 CEST
Begin processing the 71st record. Run 1, Event 71, LumiSection 1 on stream 0 at 17-Apr-2024 01:17:08.225 CEST
Begin processing the 72nd record. Run 1, Event 72, LumiSection 1 on stream 0 at 17-Apr-2024 01:17:10.121 CEST
Begin processing the 73rd record. Run 1, Event 73, LumiSection 1 on stream 0 at 17-Apr-2024 01:17:11.995 CEST
Begin processing the 74th record. Run 1, Event 74, LumiSection 1 on stream 0 at 17-Apr-2024 01:17:14.185 CEST
Begin processing the 75th record. Run 1, Event 75, LumiSection 1 on stream 0 at 17-Apr-2024 01:17:16.282 CEST
Begin processing the 76th record. Run 1, Event 76, LumiSection 1 on stream 0 at 17-Apr-2024 01:17:18.451 CEST
Begin processing the 77th record. Run 1, Event 77, LumiSection 1 on stream 0 at 17-Apr-2024 01:17:20.565 CEST
Begin processing the 78th record. Run 1, Event 78, LumiSection 1 on stream 0 at 17-Apr-2024 01:17:22.509 CEST
Begin processing the 79th record. Run 1, Event 79, LumiSection 1 on stream 0 at 17-Apr-2024 01:17:24.725 CEST
Begin processing the 80th record. Run 1, Event 80, LumiSection 1 on stream 0 at 17-Apr-2024 01:17:27.261 CEST
Begin processing the 81st record. Run 1, Event 81, LumiSection 1 on stream 0 at 17-Apr-2024 01:17:29.282 CEST
Begin processing the 82nd record. Run 1, Event 82, LumiSection 1 on stream 0 at 17-Apr-2024 01:17:31.632 CEST
Begin processing the 83rd record. Run 1, Event 83, LumiSection 1 on stream 0 at 17-Apr-2024 01:17:33.312 CEST
Begin processing the 84th record. Run 1, Event 84, LumiSection 1 on stream 0 at 17-Apr-2024 01:17:35.169 CEST
Begin processing the 85th record. Run 1, Event 85, LumiSection 1 on stream 0 at 17-Apr-2024 01:17:36.835 CEST
Begin processing the 86th record. Run 1, Event 86, LumiSection 1 on stream 0 at 17-Apr-2024 01:17:38.777 CEST
Begin processing the 87th record. Run 1, Event 87, LumiSection 1 on stream 0 at 17-Apr-2024 01:17:40.982 CEST
Begin processing the 88th record. Run 1, Event 88, LumiSection 1 on stream 0 at 17-Apr-2024 01:17:42.931 CEST
Begin processing the 89th record. Run 1, Event 89, LumiSection 1 on stream 0 at 17-Apr-2024 01:17:44.934 CEST
Begin processing the 90th record. Run 1, Event 90, LumiSection 1 on stream 0 at 17-Apr-2024 01:17:46.756 CEST
Begin processing the 91st record. Run 1, Event 91, LumiSection 1 on stream 0 at 17-Apr-2024 01:17:48.661 CEST
Begin processing the 92nd record. Run 1, Event 92, LumiSection 1 on stream 0 at 17-Apr-2024 01:17:50.719 CEST
Begin processing the 93rd record. Run 1, Event 93, LumiSection 1 on stream 0 at 17-Apr-2024 01:17:52.656 CEST
Begin processing the 94th record. Run 1, Event 94, LumiSection 1 on stream 0 at 17-Apr-2024 01:17:54.458 CEST
Begin processing the 95th record. Run 1, Event 95, LumiSection 1 on stream 0 at 17-Apr-2024 01:17:56.123 CEST
Begin processing the 96th record. Run 1, Event 96, LumiSection 1 on stream 0 at 17-Apr-2024 01:17:58.126 CEST
Begin processing the 97th record. Run 1, Event 97, LumiSection 1 on stream 0 at 17-Apr-2024 01:18:00.080 CEST
Begin processing the 98th record. Run 1, Event 98, LumiSection 1 on stream 0 at 17-Apr-2024 01:18:01.987 CEST
Begin processing the 99th record. Run 1, Event 99, LumiSection 1 on stream 0 at 17-Apr-2024 01:18:03.851 CEST
Begin processing the 100th record. Run 1, Event 100, LumiSection 1 on stream 0 at 17-Apr-2024 01:18:05.604 CEST
17-Apr-2024 01:18:10 CEST  Closed file file:/eos/cms/store/group/dpg_hgcal/comm_hgcal/mmatthew/PatternRecognitionByKalmanFilter/CMSSW_13_2_0_pre3/samples/0_PU/zpos/n100/Eta_21/singlemuon_flatEGun_hgcalCenter//step2/step2_singlemuon_e50GeV_eta21_zpos_events100_nopu_1.root
condor_exec.exe: line 31: cd: ../../scripts: No such file or directory
